<?xml version="1.0" encoding="UTF-8"?>
<!-- Generated by org.testng.reporters.JUnitReportReporter -->
<testsuite skipped="0" hostname="Vinayaks-MacBook-Pro.local" name="testNG_Files.NewTest" tests="1" failures="0" timestamp="20 Feb 2019 05:02:50 GMT" time="0.014" errors="0">
  <testcase name="f" time="0.014" classname="testNG_Files.NewTest"/>
</testsuite> <!-- testNG_Files.NewTest -->
